Login attempt at 2025-04-17 15:48:37
Username: admin
Remember: Yes
Admin found in database: Array
(
    [id] => 1
    [username] => admin
    [email] => admin@example.com
    [password] => y2.ZPQGeU2vEsY.FBJsNwK/5FTo8m9nvR92sv5i
    [name] => Admin User
    [role] => admin
    [profile_image] => 
    [is_active] => 1
    [last_login] => 
    [created_at] => 2025-04-17 15:34:58
    [updated_at] => 2025-04-17 15:35:10
)

Password verification result: Failed
Login result: Failed
Login failed, showing error
Login attempt at 2025-04-17 15:49:24
Username: admin
Remember: Yes
Admin found in database: Array
(
    [id] => 1
    [username] => admin
    [email] => admin@example.com
    [password] => $2b$12$1DJ21RKv5l/FcoatyJ.UPOUtnUt9ZPz8JAwkcKb/KW3V8UTXOZLUS
    [name] => Admin User
    [role] => admin
    [profile_image] => 
    [is_active] => 1
    [last_login] => 
    [created_at] => 2025-04-17 15:34:58
    [updated_at] => 2025-04-17 15:49:19
)

Password verification result: Success
Login result: Success
Flash message set, redirecting to dashboard
Session data: Array
(
    [admin_id] => 1
    [admin_username] => admin
    [admin_email] => admin@example.com
    [admin_name] => Admin User
    [admin_role] => admin
    [flash_message] => Array
        (
            [message] => تم تسجيل الدخول بنجاح
            [type] => success
        )

)

Login attempt at 2025-04-17 15:49:42
Username: admin
Remember: Yes
Admin found in database: Array
(
    [id] => 1
    [username] => admin
    [email] => admin@example.com
    [password] => $2b$12$1DJ21RKv5l/FcoatyJ.UPOUtnUt9ZPz8JAwkcKb/KW3V8UTXOZLUS
    [name] => Admin User
    [role] => admin
    [profile_image] => 
    [is_active] => 1
    [last_login] => 2025-04-17 15:49:25
    [created_at] => 2025-04-17 15:34:58
    [updated_at] => 2025-04-17 15:49:25
)

Password verification result: Success
Login result: Success
Flash message set, redirecting to dashboard
Session data: Array
(
    [admin_id] => 1
    [admin_username] => admin
    [admin_email] => admin@example.com
    [admin_name] => Admin User
    [admin_role] => admin
    [flash_message] => Array
        (
            [message] => تم تسجيل الدخول بنجاح
            [type] => success
        )

)

Login attempt at 2025-04-17 15:50:10
Username: admin
Remember: No
Admin found in database: Array
(
    [id] => 1
    [username] => admin
    [email] => admin@example.com
    [password] => $2b$12$1DJ21RKv5l/FcoatyJ.UPOUtnUt9ZPz8JAwkcKb/KW3V8UTXOZLUS
    [name] => Admin User
    [role] => admin
    [profile_image] => 
    [is_active] => 1
    [last_login] => 2025-04-17 15:49:42
    [created_at] => 2025-04-17 15:34:58
    [updated_at] => 2025-04-17 15:49:42
)

Password verification result: Success
Login result: Success
Flash message set, redirecting to dashboard
Session data: Array
(
    [admin_id] => 1
    [admin_username] => admin
    [admin_email] => admin@example.com
    [admin_name] => Admin User
    [admin_role] => admin
    [flash_message] => Array
        (
            [message] => تم تسجيل الدخول بنجاح
            [type] => success
        )

)

Login attempt at 2025-04-17 15:53:52
Username: admin
Remember: Yes
Admin found in database: Array
(
    [id] => 1
    [username] => admin
    [email] => admin@example.com
    [password] => $2b$12$1DJ21RKv5l/FcoatyJ.UPOUtnUt9ZPz8JAwkcKb/KW3V8UTXOZLUS
    [name] => Admin User
    [role] => admin
    [profile_image] => 
    [is_active] => 1
    [last_login] => 2025-04-17 15:50:11
    [created_at] => 2025-04-17 15:34:58
    [updated_at] => 2025-04-17 15:50:11
)

Password verification result: Success
Login result: Success
Flash message set, redirecting to dashboard
Session data: Array
(
    [admin_id] => 1
    [admin_username] => admin
    [admin_email] => admin@example.com
    [admin_name] => Admin User
    [admin_role] => admin
    [flash_message] => Array
        (
            [message] => تم تسجيل الدخول بنجاح
            [type] => success
        )

)

Login attempt at 2025-04-17 15:57:12
Username: admin
Remember: Yes
Admin found in database: Array
(
    [id] => 1
    [username] => admin
    [email] => admin@example.com
    [password] => $2b$12$1DJ21RKv5l/FcoatyJ.UPOUtnUt9ZPz8JAwkcKb/KW3V8UTXOZLUS
    [name] => Admin User
    [role] => admin
    [profile_image] => 
    [is_active] => 1
    [last_login] => 2025-04-17 15:53:52
    [created_at] => 2025-04-17 15:34:58
    [updated_at] => 2025-04-17 15:53:52
)

Password verification result: Success
Login result: Success
Flash message set, redirecting to dashboard
Session data: Array
(
    [admin_id] => 1
    [admin_username] => admin
    [admin_email] => admin@example.com
    [admin_name] => Admin User
    [admin_role] => admin
    [flash_message] => Array
        (
            [message] => تم تسجيل الدخول بنجاح
            [type] => success
        )

)

Login attempt at 2025-04-17 15:58:23
Username: admin
Remember: Yes
Admin found in database: Array
(
    [id] => 1
    [username] => admin
    [email] => admin@example.com
    [password] => $2b$12$1DJ21RKv5l/FcoatyJ.UPOUtnUt9ZPz8JAwkcKb/KW3V8UTXOZLUS
    [name] => Admin User
    [role] => admin
    [profile_image] => 
    [is_active] => 1
    [last_login] => 2025-04-17 15:57:13
    [created_at] => 2025-04-17 15:34:58
    [updated_at] => 2025-04-17 15:57:13
)

Password verification result: Success
Login result: Success
Flash message set, redirecting to dashboard
Session data: Array
(
    [admin_id] => 1
    [admin_username] => admin
    [admin_email] => admin@example.com
    [admin_name] => Admin User
    [admin_role] => admin
    [flash_message] => Array
        (
            [message] => تم تسجيل الدخول بنجاح
            [type] => success
        )

)

Login attempt at 2025-04-17 16:00:33
Username: admin
Remember: Yes
Admin found in database: Array
(
    [id] => 1
    [username] => admin
    [email] => admin@example.com
    [password] => $2b$12$1DJ21RKv5l/FcoatyJ.UPOUtnUt9ZPz8JAwkcKb/KW3V8UTXOZLUS
    [name] => Admin User
    [role] => admin
    [profile_image] => 
    [is_active] => 1
    [last_login] => 2025-04-17 15:58:23
    [created_at] => 2025-04-17 15:34:58
    [updated_at] => 2025-04-17 15:58:23
)

Password verification result: Success
Login result: Success
Flash message set, redirecting to dashboard
Session data: Array
(
    [admin_id] => 1
    [admin_username] => admin
    [admin_email] => admin@example.com
    [admin_name] => Admin User
    [admin_role] => admin
    [flash_message] => Array
        (
            [message] => تم تسجيل الدخول بنجاح
            [type] => success
        )

)

Login attempt at 2025-04-17 16:09:15
Username: admin
Remember: No
Admin found in database: Array
(
    [id] => 1
    [username] => admin
    [email] => admin@example.com
    [password] => $2b$12$1DJ21RKv5l/FcoatyJ.UPOUtnUt9ZPz8JAwkcKb/KW3V8UTXOZLUS
    [name] => Admin User
    [role] => admin
    [profile_image] => 
    [is_active] => 1
    [last_login] => 2025-04-17 16:00:33
    [created_at] => 2025-04-17 15:34:58
    [updated_at] => 2025-04-17 16:00:33
)

Password verification result: Success
Login result: Success
Flash message set, redirecting to dashboard
Session data: Array
(
    [admin_id] => 1
    [admin_username] => admin
    [admin_email] => admin@example.com
    [admin_name] => Admin User
    [admin_role] => admin
    [flash_message] => Array
        (
            [message] => تم تسجيل الدخول بنجاح
            [type] => success
        )

)

Login attempt at 2025-04-17 16:15:05
Username: admin
Remember: No
Admin found in database: Array
(
    [id] => 1
    [username] => admin
    [email] => admin@example.com
    [password] => $2b$12$1DJ21RKv5l/FcoatyJ.UPOUtnUt9ZPz8JAwkcKb/KW3V8UTXOZLUS
    [name] => Admin User
    [role] => admin
    [profile_image] => 
    [is_active] => 1
    [last_login] => 2025-04-17 16:09:15
    [created_at] => 2025-04-17 15:34:58
    [updated_at] => 2025-04-17 16:09:15
)

Password verification result: Success
Login result: Success
Flash message set, redirecting to dashboard
Session data: Array
(
    [admin_id] => 1
    [admin_username] => admin
    [admin_email] => admin@example.com
    [admin_name] => Admin User
    [admin_role] => admin
    [flash_message] => Array
        (
            [message] => تم تسجيل الدخول بنجاح
            [type] => success
        )

)

Login attempt at 2025-04-17 16:19:08
Username: admin
Remember: No
Admin found in database: Array
(
    [id] => 1
    [username] => admin
    [email] => admin@example.com
    [password] => $2b$12$1DJ21RKv5l/FcoatyJ.UPOUtnUt9ZPz8JAwkcKb/KW3V8UTXOZLUS
    [name] => Admin User
    [role] => admin
    [profile_image] => 
    [is_active] => 1
    [last_login] => 2025-04-17 16:15:05
    [created_at] => 2025-04-17 15:34:58
    [updated_at] => 2025-04-17 16:15:05
)

Password verification result: Success
Login result: Success
Flash message set, redirecting to dashboard
Session data: Array
(
    [admin_id] => 1
    [admin_username] => admin
    [admin_email] => admin@example.com
    [admin_name] => Admin User
    [admin_role] => admin
    [flash_message] => Array
        (
            [message] => تم تسجيل الدخول بنجاح
            [type] => success
        )

)

Login attempt at 2025-04-17 16:28:09
Username: admin
Remember: No
Admin found in database: Array
(
    [id] => 1
    [username] => admin
    [email] => admin@example.com
    [password] => $2b$12$1DJ21RKv5l/FcoatyJ.UPOUtnUt9ZPz8JAwkcKb/KW3V8UTXOZLUS
    [name] => Admin User
    [role] => admin
    [profile_image] => 
    [is_active] => 1
    [last_login] => 2025-04-17 16:19:08
    [created_at] => 2025-04-17 15:34:58
    [updated_at] => 2025-04-17 16:19:08
)

Password verification result: Success
Login result: Success
Flash message set, redirecting to dashboard
Session data: Array
(
    [admin_id] => 1
    [admin_username] => admin
    [admin_email] => admin@example.com
    [admin_name] => Admin User
    [admin_role] => admin
    [flash_message] => Array
        (
            [message] => تم تسجيل الدخول بنجاح
            [type] => success
        )

)

Login attempt at 2025-04-17 16:40:13
Username: admin
Remember: No
Admin found in database: Array
(
    [id] => 1
    [username] => admin
    [email] => admin@example.com
    [password] => $2b$12$1DJ21RKv5l/FcoatyJ.UPOUtnUt9ZPz8JAwkcKb/KW3V8UTXOZLUS
    [name] => Admin User
    [role] => admin
    [profile_image] => 
    [is_active] => 1
    [last_login] => 2025-04-17 16:28:10
    [created_at] => 2025-04-17 15:34:58
    [updated_at] => 2025-04-17 16:28:10
)

Password verification result: Success
Login result: Success
Flash message set, redirecting to dashboard
Session data: Array
(
    [admin_id] => 1
    [admin_username] => admin
    [admin_email] => admin@example.com
    [admin_name] => Admin User
    [admin_role] => admin
    [flash_message] => Array
        (
            [message] => تم تسجيل الدخول بنجاح
            [type] => success
        )

)

Login attempt at 2025-04-17 16:42:14
Username: admin
Remember: No
Admin found in database: Array
(
    [id] => 1
    [username] => admin
    [email] => admin@example.com
    [password] => $2b$12$1DJ21RKv5l/FcoatyJ.UPOUtnUt9ZPz8JAwkcKb/KW3V8UTXOZLUS
    [name] => Admin User
    [role] => admin
    [profile_image] => 
    [is_active] => 1
    [last_login] => 2025-04-17 16:40:13
    [created_at] => 2025-04-17 15:34:58
    [updated_at] => 2025-04-17 16:40:13
)

Password verification result: Success
Login result: Success
Flash message set, redirecting to dashboard
Session data: Array
(
    [admin_id] => 1
    [admin_username] => admin
    [admin_email] => admin@example.com
    [admin_name] => Admin User
    [admin_role] => admin
    [flash_message] => Array
        (
            [message] => تم تسجيل الدخول بنجاح
            [type] => success
        )

)

Login attempt at 2025-04-17 16:44:08
Username: admin
Remember: No
Admin found in database: Array
(
    [id] => 1
    [username] => admin
    [email] => admin@example.com
    [password] => $2b$12$1DJ21RKv5l/FcoatyJ.UPOUtnUt9ZPz8JAwkcKb/KW3V8UTXOZLUS
    [name] => Admin User
    [role] => admin
    [profile_image] => 
    [is_active] => 1
    [last_login] => 2025-04-17 16:42:14
    [created_at] => 2025-04-17 15:34:58
    [updated_at] => 2025-04-17 16:42:14
)

Password verification result: Success
Login result: Success
Flash message set, redirecting to dashboard
Session data: Array
(
    [admin_id] => 1
    [admin_username] => admin
    [admin_email] => admin@example.com
    [admin_name] => Admin User
    [admin_role] => admin
    [flash_message] => Array
        (
            [message] => تم تسجيل الدخول بنجاح
            [type] => success
        )

)

Login attempt at 2025-04-17 16:55:03
Username: admin
Remember: No
Admin found in database: Array
(
    [id] => 1
    [username] => admin
    [email] => admin@example.com
    [password] => $2b$12$1DJ21RKv5l/FcoatyJ.UPOUtnUt9ZPz8JAwkcKb/KW3V8UTXOZLUS
    [name] => Admin User
    [role] => admin
    [profile_image] => 
    [is_active] => 1
    [last_login] => 2025-04-17 16:44:08
    [created_at] => 2025-04-17 15:34:58
    [updated_at] => 2025-04-17 16:44:08
)

Password verification result: Success
Login result: Success
Flash message set, redirecting to dashboard
Session data: Array
(
    [admin_id] => 1
    [admin_username] => admin
    [admin_email] => admin@example.com
    [admin_name] => Admin User
    [admin_role] => admin
    [flash_message] => Array
        (
            [message] => تم تسجيل الدخول بنجاح
            [type] => success
        )

)

Login attempt at 2025-04-17 16:59:40
Username: admin
Remember: No
Admin found in database: Array
(
    [id] => 1
    [username] => admin
    [email] => admin@example.com
    [password] => $2b$12$1DJ21RKv5l/FcoatyJ.UPOUtnUt9ZPz8JAwkcKb/KW3V8UTXOZLUS
    [name] => Admin User
    [role] => admin
    [profile_image] => 
    [is_active] => 1
    [last_login] => 2025-04-17 16:55:03
    [created_at] => 2025-04-17 15:34:58
    [updated_at] => 2025-04-17 16:55:03
)

Password verification result: Success
Login result: Success
Flash message set, redirecting to dashboard
Session data: Array
(
    [admin_id] => 1
    [admin_username] => admin
    [admin_email] => admin@example.com
    [admin_name] => Admin User
    [admin_role] => admin
    [flash_message] => Array
        (
            [message] => تم تسجيل الدخول بنجاح
            [type] => success
        )

)

Login attempt at 2025-04-17 17:04:53
Username: admin
Remember: No
Admin found in database: Array
(
    [id] => 1
    [username] => admin
    [email] => admin@example.com
    [password] => $2b$12$1DJ21RKv5l/FcoatyJ.UPOUtnUt9ZPz8JAwkcKb/KW3V8UTXOZLUS
    [name] => Admin User
    [role] => admin
    [profile_image] => 
    [is_active] => 1
    [last_login] => 2025-04-17 16:59:40
    [created_at] => 2025-04-17 15:34:58
    [updated_at] => 2025-04-17 16:59:40
)

Password verification result: Success
Login result: Success
Flash message set, redirecting to dashboard
Session data: Array
(
    [admin_id] => 1
    [admin_username] => admin
    [admin_email] => admin@example.com
    [admin_name] => Admin User
    [admin_role] => admin
    [flash_message] => Array
        (
            [message] => تم تسجيل الدخول بنجاح
            [type] => success
        )

)

Login attempt at 2025-04-17 17:05:17
Username: admin
Remember: No
Admin found in database: Array
(
    [id] => 1
    [username] => admin
    [email] => admin@example.com
    [password] => $2b$12$1DJ21RKv5l/FcoatyJ.UPOUtnUt9ZPz8JAwkcKb/KW3V8UTXOZLUS
    [name] => Admin User
    [role] => admin
    [profile_image] => 
    [is_active] => 1
    [last_login] => 2025-04-17 17:04:53
    [created_at] => 2025-04-17 15:34:58
    [updated_at] => 2025-04-17 17:04:53
)

Password verification result: Success
Login result: Success
Flash message set, redirecting to dashboard
Session data: Array
(
    [admin_id] => 1
    [admin_username] => admin
    [admin_email] => admin@example.com
    [admin_name] => Admin User
    [admin_role] => admin
    [flash_message] => Array
        (
            [message] => تم تسجيل الدخول بنجاح
            [type] => success
        )

)

Login attempt at 2025-04-17 17:07:34
Username: admin
Remember: No
Admin found in database: Array
(
    [id] => 1
    [username] => admin
    [email] => admin@example.com
    [password] => $2b$12$1DJ21RKv5l/FcoatyJ.UPOUtnUt9ZPz8JAwkcKb/KW3V8UTXOZLUS
    [name] => Admin User
    [role] => admin
    [profile_image] => 
    [is_active] => 1
    [last_login] => 2025-04-17 17:05:17
    [created_at] => 2025-04-17 15:34:58
    [updated_at] => 2025-04-17 17:05:17
)

Password verification result: Success
Login result: Success
Flash message set, redirecting to dashboard
Session data: Array
(
    [admin_id] => 1
    [admin_username] => admin
    [admin_email] => admin@example.com
    [admin_name] => Admin User
    [admin_role] => admin
    [flash_message] => Array
        (
            [message] => تم تسجيل الدخول بنجاح
            [type] => success
        )

)

Login attempt at 2025-04-17 18:07:00
Username: admin
Remember: No
Admin not found in database
Login result: Failed
Login failed, showing error
Login attempt at 2025-04-17 18:07:14
Username: admin
Remember: No
Admin not found in database
Login result: Failed
Login failed, showing error
Login attempt at 2025-04-17 18:07:27
Username: admin
Remember: No
Admin not found in database
Login result: Failed
Login failed, showing error
Login attempt at 2025-04-17 18:07:44
Username: admin
Remember: No
Admin not found in database
Login result: Failed
Login failed, showing error
Login attempt at 2025-04-17 18:08:22
Username: admin
Remember: No
Admin not found in database
Login result: Failed
Login failed, showing error
Login attempt at 2025-04-17 18:08:44
Username: admin
Remember: No
Admin not found in database
Login result: Failed
Login failed, showing error
Login attempt at 2025-04-17 18:10:55
Username: admin
Remember: No
Admin found in database: Array
(
    [id] => 1
    [username] => admin
    [email] => admin@example.com
    [password] => $2y$12$ff72bOqR6xQ9P7rcSx.J2eI12yo4EKGV7f4hNVKCSE3jGv5fJ/lOC
    [name] => Admin User
    [role] => admin
    [profile_image] => 
    [is_active] => 1
    [last_login] => 
    [created_at] => 2025-04-17 18:10:26
    [updated_at] => 2025-04-17 18:10:26
)

Password verification result: Success
Login result: Success
Flash message set, redirecting to dashboard
Session data: Array
(
    [admin_id] => 1
    [admin_username] => admin
    [admin_email] => admin@example.com
    [admin_name] => Admin User
    [admin_role] => admin
    [flash_message] => Array
        (
            [message] => تم تسجيل الدخول بنجاح
            [type] => success
        )

)

Login attempt at 2025-04-17 18:11:04
Username: admin
Remember: No
Admin found in database: Array
(
    [id] => 1
    [username] => admin
    [email] => admin@example.com
    [password] => $2y$12$ff72bOqR6xQ9P7rcSx.J2eI12yo4EKGV7f4hNVKCSE3jGv5fJ/lOC
    [name] => Admin User
    [role] => admin
    [profile_image] => 
    [is_active] => 1
    [last_login] => 2025-04-17 18:10:56
    [created_at] => 2025-04-17 18:10:26
    [updated_at] => 2025-04-17 18:10:56
)

Password verification result: Success
Login result: Success
Flash message set, redirecting to dashboard
Session data: Array
(
    [admin_id] => 1
    [admin_username] => admin
    [admin_email] => admin@example.com
    [admin_name] => Admin User
    [admin_role] => admin
    [flash_message] => Array
        (
            [message] => تم تسجيل الدخول بنجاح
            [type] => success
        )

)

Login attempt at 2025-04-17 19:43:47
Username: admin
Remember: No
Admin found in database: Array
(
    [id] => 1
    [username] => admin
    [email] => admin@example.com
    [password] => $2y$12$ff72bOqR6xQ9P7rcSx.J2eI12yo4EKGV7f4hNVKCSE3jGv5fJ/lOC
    [name] => Admin User
    [role] => admin
    [profile_image] => 
    [is_active] => 1
    [last_login] => 
    [created_at] => 2025-04-17 19:39:50
    [updated_at] => 2025-04-17 19:39:50
)

Password verification result: Success
Login result: Success
Flash message set, redirecting to dashboard
Session data: Array
(
    [admin_id] => 1
    [admin_username] => admin
    [admin_email] => admin@example.com
    [admin_name] => Admin User
    [admin_role] => admin
    [flash_message] => Array
        (
            [message] => تم تسجيل الدخول بنجاح
            [type] => success
        )

)

Login attempt at 2025-04-17 19:56:49
Username: admin
Remember: No
Admin found in database: Array
(
    [id] => 1
    [username] => admin
    [email] => admin@example.com
    [password] => $2y$12$ff72bOqR6xQ9P7rcSx.J2eI12yo4EKGV7f4hNVKCSE3jGv5fJ/lOC
    [name] => Admin User
    [role] => admin
    [profile_image] => 
    [is_active] => 1
    [last_login] => 2025-04-17 19:43:48
    [created_at] => 2025-04-17 19:39:50
    [updated_at] => 2025-04-17 19:43:48
)

Password verification result: Success
Login result: Success
Flash message set, redirecting to dashboard
Session data: Array
(
    [admin_id] => 1
    [admin_username] => admin
    [admin_email] => admin@example.com
    [admin_name] => Admin User
    [admin_role] => admin
    [flash_message] => Array
        (
            [message] => تم تسجيل الدخول بنجاح
            [type] => success
        )

)

Login attempt at 2025-04-17 19:58:21
Username: admin
Remember: No
Admin found in database: Array
(
    [id] => 1
    [username] => admin
    [email] => admin@example.com
    [password] => $2y$12$ff72bOqR6xQ9P7rcSx.J2eI12yo4EKGV7f4hNVKCSE3jGv5fJ/lOC
    [name] => Admin User
    [role] => admin
    [profile_image] => 
    [is_active] => 1
    [last_login] => 2025-04-17 19:56:49
    [created_at] => 2025-04-17 19:39:50
    [updated_at] => 2025-04-17 19:56:49
)

Password verification result: Success
Login result: Success
Flash message set, redirecting to dashboard
Session data: Array
(
    [admin_id] => 1
    [admin_username] => admin
    [admin_email] => admin@example.com
    [admin_name] => Admin User
    [admin_role] => admin
    [flash_message] => Array
        (
            [message] => تم تسجيل الدخول بنجاح
            [type] => success
        )

)

Login attempt at 2025-04-17 20:53:38
Username: admin
Remember: No
Admin found in database: Array
(
    [id] => 1
    [username] => admin
    [email] => admin@example.com
    [password] => $2y$12$ff72bOqR6xQ9P7rcSx.J2eI12yo4EKGV7f4hNVKCSE3jGv5fJ/lOC
    [name] => Admin User
    [role] => admin
    [profile_image] => 
    [is_active] => 1
    [last_login] => 2025-04-17 19:58:22
    [created_at] => 2025-04-17 19:39:50
    [updated_at] => 2025-04-17 19:58:22
)

Password verification result: Success
Login result: Success
Flash message set, redirecting to dashboard
Session data: Array
(
    [admin_id] => 1
    [admin_username] => admin
    [admin_email] => admin@example.com
    [admin_name] => Admin User
    [admin_role] => admin
    [flash_message] => Array
        (
            [message] => تم تسجيل الدخول بنجاح
            [type] => success
        )

)

Login attempt at 2025-04-17 20:56:43
Username: admin
Remember: No
Admin found in database: Array
(
    [id] => 1
    [username] => admin
    [email] => admin@example.com
    [password] => $2y$12$ff72bOqR6xQ9P7rcSx.J2eI12yo4EKGV7f4hNVKCSE3jGv5fJ/lOC
    [name] => Admin User
    [role] => admin
    [profile_image] => 
    [is_active] => 1
    [last_login] => 2025-04-17 20:53:39
    [created_at] => 2025-04-17 19:39:50
    [updated_at] => 2025-04-17 20:53:39
)

Password verification result: Success
Login result: Success
Flash message set, redirecting to dashboard
Session data: Array
(
    [admin_id] => 1
    [admin_username] => admin
    [admin_email] => admin@example.com
    [admin_name] => Admin User
    [admin_role] => admin
    [flash_message] => Array
        (
            [message] => تم تسجيل الدخول بنجاح
            [type] => success
        )

)

Login attempt at 2025-04-17 21:06:49
Username: admin
Remember: No
Admin not found in database
Login result: Failed
Login failed, showing error
Login attempt at 2025-04-17 21:06:55
Username: admin
Remember: No
Admin not found in database
Login result: Failed
Login failed, showing error
Login attempt at 2025-04-17 21:07:30
Username: admin
Remember: No
Admin not found in database
Login result: Failed
Login failed, showing error
Login attempt at 2025-04-17 21:07:42
Username: admin
Remember: No
Admin not found in database
Login result: Failed
Login failed, showing error
Login attempt at 2025-04-17 21:08:17
Username: admin
Remember: No
Admin not found in database
Login result: Failed
Login failed, showing error
Login attempt at 2025-04-17 21:08:18
Username: admin
Remember: No
Admin not found in database
Login result: Failed
Login failed, showing error
Login attempt at 2025-04-17 21:08:41
Username: admin
Remember: No
Admin not found in database
Login result: Failed
Login failed, showing error
Login attempt at 2025-04-17 21:08:56
Username: admin
Remember: No
Admin not found in database
Login result: Failed
Login failed, showing error
Login attempt at 2025-04-17 21:09:48
Username: admin
Remember: No
Admin not found in database
Login result: Failed
Login failed, showing error
Login attempt at 2025-04-17 21:09:56
Username: admin
Remember: No
Admin not found in database
Login result: Failed
Login failed, showing error
Login attempt at 2025-04-17 21:11:07
Username: admin
Remember: No
Admin not found in database
Login result: Failed
Login failed, showing error
Login attempt at 2025-04-17 21:11:10
Username: admin
Remember: No
Admin not found in database
Login result: Failed
Login failed, showing error
Login attempt at 2025-04-17 21:11:28
Username: admin
Remember: No
Admin found in database: Array
(
    [id] => 1
    [username] => admin
    [email] => admin@example.com
    [password] => $2y$12$ff72bOqR6xQ9P7rcSx.J2eI12yo4EKGV7f4hNVKCSE3jGv5fJ/lOC
    [name] => Admin User
    [role] => admin
    [profile_image] => 
    [is_active] => 1
    [last_login] => 
    [created_at] => 2025-04-17 16:20:28
    [updated_at] => 2025-04-18 00:11:02
)

Password verification result: Success
Login result: Success
Flash message set, redirecting to dashboard
Session data: Array
(
    [admin_id] => 1
    [admin_username] => admin
    [admin_email] => admin@example.com
    [admin_name] => Admin User
    [admin_role] => admin
    [flash_message] => Array
        (
            [message] => تم تسجيل الدخول بنجاح
            [type] => success
        )

)

Login attempt at 2025-04-17 21:21:36
Username: admin
Remember: No
Admin not found in database
Login result: Failed
Login failed, showing error
Login attempt at 2025-04-17 21:21:53
Username: admin
Remember: No
Admin not found in database
Login result: Failed
Login failed, showing error
Login attempt at 2025-04-17 21:22:08
Username: admin
Remember: No
Admin not found in database
Login result: Failed
Login failed, showing error
Login attempt at 2025-04-17 21:22:22
Username: admin
Remember: No
Admin not found in database
Login result: Failed
Login failed, showing error
Login attempt at 2025-04-17 21:22:30
Username: admin
Remember: No
Admin not found in database
Login result: Failed
Login failed, showing error
Login attempt at 2025-04-17 21:23:12
Username: admin
Remember: No
Admin not found in database
Login result: Failed
Login failed, showing error
Login attempt at 2025-04-17 21:24:58
Username: admin
Remember: No
Admin found in database: Array
(
    [id] => 1
    [username] => admin
    [email] => admin@example.com
    [password] => $2y$12$ff72bOqR6xQ9P7rcSx.J2eI12yo4EKGV7f4hNVKCSE3jGv5fJ/lOC
    [name] => Admin User
    [role] => admin
    [profile_image] => 
    [is_active] => 1
    [last_login] => 
    [created_at] => 2025-04-17 21:20:35
    [updated_at] => 2025-04-17 21:20:35
)

Password verification result: Success
Login result: Success
Flash message set, redirecting to dashboard
Session data: Array
(
    [admin_id] => 1
    [admin_username] => admin
    [admin_email] => admin@example.com
    [admin_name] => Admin User
    [admin_role] => admin
    [flash_message] => Array
        (
            [message] => تم تسجيل الدخول بنجاح
            [type] => success
        )

)

Login attempt at 2025-04-17 21:27:33
Username: admin
Remember: No
Admin found in database: Array
(
    [id] => 1
    [username] => admin
    [email] => admin@example.com
    [password] => $2y$12$ff72bOqR6xQ9P7rcSx.J2eI12yo4EKGV7f4hNVKCSE3jGv5fJ/lOC
    [name] => Admin User
    [role] => admin
    [profile_image] => 
    [is_active] => 1
    [last_login] => 2025-04-17 21:24:58
    [created_at] => 2025-04-17 21:20:35
    [updated_at] => 2025-04-17 21:24:58
)

Password verification result: Success
Login result: Success
Flash message set, redirecting to dashboard
Session data: Array
(
    [admin_id] => 1
    [admin_username] => admin
    [admin_email] => admin@example.com
    [admin_name] => Admin User
    [admin_role] => admin
    [flash_message] => Array
        (
            [message] => تم تسجيل الدخول بنجاح
            [type] => success
        )

)

Login attempt at 2025-04-17 22:37:01
Username: admin
Remember: No
Admin found in database: Array
(
    [id] => 1
    [username] => admin
    [email] => admin@example.com
    [password] => $2y$12$ff72bOqR6xQ9P7rcSx.J2eI12yo4EKGV7f4hNVKCSE3jGv5fJ/lOC
    [name] => Admin User
    [role] => admin
    [profile_image] => 
    [is_active] => 1
    [last_login] => 2025-04-17 21:27:34
    [created_at] => 2025-04-17 21:20:35
    [updated_at] => 2025-04-17 21:27:34
)

Password verification result: Success
Login result: Success
Flash message set, redirecting to dashboard
Session data: Array
(
    [admin_id] => 1
    [admin_username] => admin
    [admin_email] => admin@example.com
    [admin_name] => Admin User
    [admin_role] => admin
    [flash_message] => Array
        (
            [message] => تم تسجيل الدخول بنجاح
            [type] => success
        )

)

Login attempt at 2025-04-17 22:38:51
Username: admin
Remember: No
Admin found in database: Array
(
    [id] => 1
    [username] => admin
    [email] => admin@example.com
    [password] => $2y$12$ff72bOqR6xQ9P7rcSx.J2eI12yo4EKGV7f4hNVKCSE3jGv5fJ/lOC
    [name] => Admin User
    [role] => admin
    [profile_image] => 
    [is_active] => 1
    [last_login] => 2025-04-17 22:37:02
    [created_at] => 2025-04-17 21:20:35
    [updated_at] => 2025-04-17 22:37:02
)

Password verification result: Success
Login result: Success
Flash message set, redirecting to dashboard
Session data: Array
(
    [admin_id] => 1
    [admin_username] => admin
    [admin_email] => admin@example.com
    [admin_name] => Admin User
    [admin_role] => admin
    [flash_message] => Array
        (
            [message] => تم تسجيل الدخول بنجاح
            [type] => success
        )

)

Login attempt at 2025-04-17 23:00:02
Username: admin
Remember: No
Admin found in database: Array
(
    [id] => 1
    [username] => admin
    [email] => admin@example.com
    [password] => $2y$12$ff72bOqR6xQ9P7rcSx.J2eI12yo4EKGV7f4hNVKCSE3jGv5fJ/lOC
    [name] => Admin User
    [role] => admin
    [profile_image] => 
    [is_active] => 1
    [last_login] => 2025-04-17 21:27:34
    [created_at] => 2025-04-17 21:20:35
    [updated_at] => 2025-04-17 21:27:34
)

Password verification result: Success
Login result: Success
Flash message set, redirecting to dashboard
Session data: Array
(
    [admin_id] => 1
    [admin_username] => admin
    [admin_email] => admin@example.com
    [admin_name] => Admin User
    [admin_role] => admin
    [flash_message] => Array
        (
            [message] => تم تسجيل الدخول بنجاح
            [type] => success
        )

)

Login attempt at 2025-04-17 23:08:47
Username: admin
Remember: No
Admin found in database: Array
(
    [id] => 1
    [username] => admin
    [email] => admin@example.com
    [password] => $2y$12$ff72bOqR6xQ9P7rcSx.J2eI12yo4EKGV7f4hNVKCSE3jGv5fJ/lOC
    [name] => Admin User
    [role] => admin
    [profile_image] => 
    [is_active] => 1
    [last_login] => 2025-04-17 21:27:34
    [created_at] => 2025-04-17 21:20:35
    [updated_at] => 2025-04-17 21:27:34
)

Password verification result: Success
Login result: Success
Flash message set, redirecting to dashboard
Session data: Array
(
    [admin_id] => 1
    [admin_username] => admin
    [admin_email] => admin@example.com
    [admin_name] => Admin User
    [admin_role] => admin
    [flash_message] => Array
        (
            [message] => تم تسجيل الدخول بنجاح
            [type] => success
        )

)

Login attempt at 2025-04-17 23:11:33
Username: admin
Remember: No
Admin found in database: Array
(
    [id] => 1
    [username] => admin
    [email] => admin@example.com
    [password] => $2y$12$ff72bOqR6xQ9P7rcSx.J2eI12yo4EKGV7f4hNVKCSE3jGv5fJ/lOC
    [name] => Admin User
    [role] => admin
    [profile_image] => 
    [is_active] => 1
    [last_login] => 2025-04-17 23:08:47
    [created_at] => 2025-04-17 21:20:35
    [updated_at] => 2025-04-17 23:08:47
)

Password verification result: Success
Login result: Success
Flash message set, redirecting to dashboard
Session data: Array
(
    [admin_id] => 1
    [admin_username] => admin
    [admin_email] => admin@example.com
    [admin_name] => Admin User
    [admin_role] => admin
    [flash_message] => Array
        (
            [message] => تم تسجيل الدخول بنجاح
            [type] => success
        )

)

Login attempt at 2025-04-17 23:17:44
Username: admin
Remember: No
Admin found in database: Array
(
    [id] => 1
    [username] => admin
    [email] => admin@example.com
    [password] => $2y$12$ff72bOqR6xQ9P7rcSx.J2eI12yo4EKGV7f4hNVKCSE3jGv5fJ/lOC
    [name] => Admin User
    [role] => admin
    [profile_image] => 
    [is_active] => 1
    [last_login] => 2025-04-17 23:11:34
    [created_at] => 2025-04-17 21:20:35
    [updated_at] => 2025-04-17 23:11:34
)

Password verification result: Success
Login result: Success
Flash message set, redirecting to dashboard
Session data: Array
(
    [admin_id] => 1
    [admin_username] => admin
    [admin_email] => admin@example.com
    [admin_name] => Admin User
    [admin_role] => admin
    [flash_message] => Array
        (
            [message] => تم تسجيل الدخول بنجاح
            [type] => success
        )

)

Login attempt at 2025-04-17 23:34:24
Username: admin
Remember: No
Admin found in database: Array
(
    [id] => 1
    [username] => admin
    [email] => admin@example.com
    [password] => $2y$12$ff72bOqR6xQ9P7rcSx.J2eI12yo4EKGV7f4hNVKCSE3jGv5fJ/lOC
    [name] => Admin User
    [role] => admin
    [profile_image] => 
    [is_active] => 1
    [last_login] => 2025-04-17 21:27:34
    [created_at] => 2025-04-17 21:20:35
    [updated_at] => 2025-04-17 21:27:34
)

Password verification result: Success
Login result: Success
Flash message set, redirecting to dashboard
Session data: Array
(
    [admin_id] => 1
    [admin_username] => admin
    [admin_email] => admin@example.com
    [admin_name] => Admin User
    [admin_role] => admin
    [flash_message] => Array
        (
            [message] => تم تسجيل الدخول بنجاح
            [type] => success
        )

)

Login attempt at 2025-04-17 23:37:28
Username: admin
Remember: No
Admin found in database: Array
(
    [id] => 1
    [username] => admin
    [email] => admin@example.com
    [password] => $2y$12$ff72bOqR6xQ9P7rcSx.J2eI12yo4EKGV7f4hNVKCSE3jGv5fJ/lOC
    [name] => Admin User
    [role] => admin
    [profile_image] => 
    [is_active] => 1
    [last_login] => 2025-04-17 21:27:34
    [created_at] => 2025-04-17 21:20:35
    [updated_at] => 2025-04-17 21:27:34
)

Password verification result: Success
Login result: Success
Flash message set, redirecting to dashboard
Session data: Array
(
    [admin_id] => 1
    [admin_username] => admin
    [admin_email] => admin@example.com
    [admin_name] => Admin User
    [admin_role] => admin
    [flash_message] => Array
        (
            [message] => تم تسجيل الدخول بنجاح
            [type] => success
        )

)

Login attempt at 2025-04-17 23:47:57
Username: admin
Remember: No
Admin found in database: Array
(
    [id] => 1
    [username] => admin
    [email] => admin@example.com
    [password] => $2y$12$ff72bOqR6xQ9P7rcSx.J2eI12yo4EKGV7f4hNVKCSE3jGv5fJ/lOC
    [name] => Admin User
    [role] => admin
    [profile_image] => 
    [is_active] => 1
    [last_login] => 2025-04-17 23:37:28
    [created_at] => 2025-04-17 21:20:35
    [updated_at] => 2025-04-17 23:37:28
)

Password verification result: Success
Login result: Success
Flash message set, redirecting to dashboard
Session data: Array
(
    [admin_id] => 1
    [admin_username] => admin
    [admin_email] => admin@example.com
    [admin_name] => Admin User
    [admin_role] => admin
    [flash_message] => Array
        (
            [message] => تم تسجيل الدخول بنجاح
            [type] => success
        )

)

